Build started 1/6/2023 11:20:25 PM.
     1>Project "c:\Users\japan computer\documents\visual studio 2012\Projects\Project36\Project36\Project36.vcxproj" on node 2 (Build target(s)).
     1>ClCompile:
         C:\Program Files (x86)\Microsoft Visual Studio 11.0\VC\bin\CL.exe /c /ZI /nologo /W3 /WX- /Od /Oy- /D _MBCS /Gm /EHsc /RTC1 /MDd /GS /fp:precise /Zc:wchar_t /Zc:forScope /Fo"Debug\\" /Fd"Debug\vc110.pdb" /Gd /TP /analyze- /errorReport:prompt Source.cpp
         Source.cpp
     1>c:\users\japan computer\documents\visual studio 2012\projects\project36\project36\source.cpp(5): error C2146: syntax error : missing ';' before identifier 'type'
     1>c:\users\japan computer\documents\visual studio 2012\projects\project36\project36\source.cpp(5): error C4430: missing type specifier - int assumed. Note: C++ does not support default-int
     1>c:\users\japan computer\documents\visual studio 2012\projects\project36\project36\source.cpp(9): error C2371: 'TypeTag' : redefinition; different basic types
                 c:\users\japan computer\documents\visual studio 2012\projects\project36\project36\source.cpp(5) : see declaration of 'TypeTag'
     1>c:\users\japan computer\documents\visual studio 2012\projects\project36\project36\source.cpp(9): error C2143: syntax error : missing ';' before 'enum [tag]'
     1>c:\users\japan computer\documents\visual studio 2012\projects\project36\project36\source.cpp(11): error C2027: use of undefined type 'Node'
                 c:\users\japan computer\documents\visual studio 2012\projects\project36\project36\source.cpp(5) : see declaration of 'Node'
     1>c:\users\japan computer\documents\visual studio 2012\projects\project36\project36\source.cpp(12): error C2512: 'Node' : no appropriate default constructor available
     1>c:\users\japan computer\documents\visual studio 2012\projects\project36\project36\source.cpp(12): error C2143: syntax error : missing ';' before '->'
     1>c:\users\japan computer\documents\visual studio 2012\projects\project36\project36\source.cpp(13): error C2027: use of undefined type 'Node'
                 c:\users\japan computer\documents\visual studio 2012\projects\project36\project36\source.cpp(5) : see declaration of 'Node'
     1>c:\users\japan computer\documents\visual studio 2012\projects\project36\project36\source.cpp(13): error C2227: left of '->next' must point to class/struct/union/generic type
     1>c:\users\japan computer\documents\visual studio 2012\projects\project36\project36\source.cpp(16): error C2143: syntax error : missing ';' before '->'
     1>c:\users\japan computer\documents\visual studio 2012\projects\project36\project36\source.cpp(16): error C4430: missing type specifier - int assumed. Note: C++ does not support default-int
     1>c:\users\japan computer\documents\visual studio 2012\projects\project36\project36\source.cpp(16): error C2040: 'next' : 'int' differs in levels of indirection from 'Node *'
     1>c:\users\japan computer\documents\visual studio 2012\projects\project36\project36\source.cpp(17): error C2059: syntax error : '}'
     1>c:\users\japan computer\documents\visual studio 2012\projects\project36\project36\source.cpp(17): error C2143: syntax error : missing ';' before '}'
     1>c:\users\japan computer\documents\visual studio 2012\projects\project36\project36\source.cpp(18): error C2143: syntax error : missing ';' before '{'
     1>c:\users\japan computer\documents\visual studio 2012\projects\project36\project36\source.cpp(18): error C2447: '{' : missing function header (old-style formal list?)
     1>c:\users\japan computer\documents\visual studio 2012\projects\project36\project36\source.cpp(20): error C2059: syntax error : 'else'
     1>c:\users\japan computer\documents\visual studio 2012\projects\project36\project36\source.cpp(20): error C2143: syntax error : missing ';' before '{'
     1>c:\users\japan computer\documents\visual studio 2012\projects\project36\project36\source.cpp(20): error C2447: '{' : missing function header (old-style formal list?)
     1>c:\users\japan computer\documents\visual studio 2012\projects\project36\project36\source.cpp(22): error C2059: syntax error : 'else'
     1>c:\users\japan computer\documents\visual studio 2012\projects\project36\project36\source.cpp(22): error C2143: syntax error : missing ';' before '{'
     1>c:\users\japan computer\documents\visual studio 2012\projects\project36\project36\source.cpp(22): error C2447: '{' : missing function header (old-style formal list?)
     1>c:\users\japan computer\documents\visual studio 2012\projects\project36\project36\source.cpp(24): error C2059: syntax error : '}'
     1>c:\users\japan computer\documents\visual studio 2012\projects\project36\project36\source.cpp(24): error C2143: syntax error : missing ';' before '}'
     1>c:\users\japan computer\documents\visual studio 2012\projects\project36\project36\source.cpp(26): error C2143: syntax error : missing ';' before '{'
     1>c:\users\japan computer\documents\visual studio 2012\projects\project36\project36\source.cpp(26): error C2447: '{' : missing function header (old-style formal list?)
     1>Done Building Project "c:\Users\japan computer\documents\visual studio 2012\Projects\Project36\Project36\Project36.vcxproj" (Build target(s)) -- FAILED.

Build FAILED.

Time Elapsed 00:00:05.53
